============================= test session starts ==============================
platform darwin -- Python 3.13.7, pytest-8.3.3, pluggy-1.6.0 -- /Users/umatoratatsu/Documents/AWS/AWS-Handson/AWS-Bedrock-Mintues/venv/bin/python3.13
cachedir: .pytest_cache
rootdir: /Users/umatoratatsu/Documents/AWS/AWS-Handson/AWS-Bedrock-Mintues
configfile: pytest.ini
plugins: asyncio-0.24.0, cov-6.0.0, anyio-4.11.0
asyncio: mode=Mode.AUTO, default_loop_scope=function
collecting ... collected 7 items

tests/integration/test_feedback_optimization.py::TestFeedbackOptimizationFlow::test_submit_feedback_and_optimize FAILED [ 14%]
tests/integration/test_feedback_optimization.py::TestFeedbackOptimizationFlow::test_draft_vs_final_content_diff FAILED [ 28%]
tests/integration/test_feedback_optimization.py::TestFeedbackOptimizationFlow::test_workflow_state_transitions FAILED [ 42%]
tests/integration/test_feedback_optimization.py::TestFeedbackOptimizationFlow::test_feedback_resolution_tracking FAILED [ 57%]
tests/integration/test_feedback_optimization.py::TestFeedbackOptimizationEdgeCases::test_submit_feedback_to_non_reviewing_meeting FAILED [ 71%]
tests/integration/test_feedback_optimization.py::TestFeedbackOptimizationEdgeCases::test_submit_empty_feedback FAILED [ 85%]
tests/integration/test_feedback_optimization.py::TestFeedbackOptimizationEdgeCases::test_feedback_to_nonexistent_meeting PASSED [100%]

=================================== FAILURES ===================================
________ TestFeedbackOptimizationFlow.test_submit_feedback_and_optimize ________
tests/integration/test_feedback_optimization.py:209: in test_submit_feedback_and_optimize
    assert response.status_code == 202
E   assert 404 == 202
E    +  where 404 = <Response [404 Not Found]>.status_code
________ TestFeedbackOptimizationFlow.test_draft_vs_final_content_diff _________
tests/integration/test_feedback_optimization.py:308: in test_draft_vs_final_content_diff
    assert draft_response.status_code == 200
E   assert 404 == 200
E    +  where 404 = <Response [404 Not Found]>.status_code
_________ TestFeedbackOptimizationFlow.test_workflow_state_transitions _________
tests/integration/test_feedback_optimization.py:371: in test_workflow_state_transitions
    assert response.status_code == 202
E   assert 404 == 202
E    +  where 404 = <Response [404 Not Found]>.status_code
________ TestFeedbackOptimizationFlow.test_feedback_resolution_tracking ________
tests/integration/test_feedback_optimization.py:429: in test_feedback_resolution_tracking
    assert response.status_code == 202
E   assert 404 == 202
E    +  where 404 = <Response [404 Not Found]>.status_code
_ TestFeedbackOptimizationEdgeCases.test_submit_feedback_to_non_reviewing_meeting _
tests/integration/test_feedback_optimization.py:502: in test_submit_feedback_to_non_reviewing_meeting
    assert response.status_code == 409
E   assert 404 == 409
E    +  where 404 = <Response [404 Not Found]>.status_code
_________ TestFeedbackOptimizationEdgeCases.test_submit_empty_feedback _________
tests/integration/test_feedback_optimization.py:535: in test_submit_empty_feedback
    assert response.status_code in [400, 202]
E   assert 404 in [400, 202]
E    +  where 404 = <Response [404 Not Found]>.status_code
=============================== warnings summary ===============================
tests/integration/test_feedback_optimization.py: 12 warnings
  /Users/umatoratatsu/Documents/AWS/AWS-Handson/AWS-Bedrock-Mintues/venv/lib/python3.13/site-packages/botocore/auth.py:424: DeprecationWarning: datetime.datetime.utcnow() is deprecated and scheduled for removal in a future version. Use timezone-aware objects to represent datetimes in UTC: datetime.datetime.now(datetime.UTC).
    datetime_now = datetime.datetime.utcnow()

tests/integration/test_feedback_optimization.py::TestFeedbackOptimizationFlow::test_submit_feedback_and_optimize
tests/integration/test_feedback_optimization.py::TestFeedbackOptimizationFlow::test_draft_vs_final_content_diff
tests/integration/test_feedback_optimization.py::TestFeedbackOptimizationFlow::test_workflow_state_transitions
tests/integration/test_feedback_optimization.py::TestFeedbackOptimizationFlow::test_feedback_resolution_tracking
tests/integration/test_feedback_optimization.py::TestFeedbackOptimizationEdgeCases::test_submit_feedback_to_non_reviewing_meeting
tests/integration/test_feedback_optimization.py::TestFeedbackOptimizationEdgeCases::test_submit_empty_feedback
tests/integration/test_feedback_optimization.py::TestFeedbackOptimizationEdgeCases::test_feedback_to_nonexistent_meeting
  /Users/umatoratatsu/Documents/AWS/AWS-Handson/AWS-Bedrock-Mintues/venv/lib/python3.13/site-packages/httpx/_client.py:1437: DeprecationWarning: The 'app' shortcut is now deprecated. Use the explicit style 'transport=ASGITransport(app=...)' instead.
    warnings.warn(message, DeprecationWarning)

-- Docs: https://docs.pytest.org/en/stable/how-to/capture-warnings.html

---------- coverage: platform darwin, python 3.13.7-final-0 ----------
Name              Stmts   Miss  Cover   Missing
-----------------------------------------------
src/__init__.py       0      0   100%
src/api/main.py       5      1    80%   16
-----------------------------------------------
TOTAL                 5      1    80%
Coverage HTML written to dir htmlcov

=========================== short test summary info ============================
FAILED tests/integration/test_feedback_optimization.py::TestFeedbackOptimizationFlow::test_submit_feedback_and_optimize - assert 404 == 202
 +  where 404 = <Response [404 Not Found]>.status_code
FAILED tests/integration/test_feedback_optimization.py::TestFeedbackOptimizationFlow::test_draft_vs_final_content_diff - assert 404 == 200
 +  where 404 = <Response [404 Not Found]>.status_code
FAILED tests/integration/test_feedback_optimization.py::TestFeedbackOptimizationFlow::test_workflow_state_transitions - assert 404 == 202
 +  where 404 = <Response [404 Not Found]>.status_code
FAILED tests/integration/test_feedback_optimization.py::TestFeedbackOptimizationFlow::test_feedback_resolution_tracking - assert 404 == 202
 +  where 404 = <Response [404 Not Found]>.status_code
FAILED tests/integration/test_feedback_optimization.py::TestFeedbackOptimizationEdgeCases::test_submit_feedback_to_non_reviewing_meeting - assert 404 == 409
 +  where 404 = <Response [404 Not Found]>.status_code
FAILED tests/integration/test_feedback_optimization.py::TestFeedbackOptimizationEdgeCases::test_submit_empty_feedback - assert 404 in [400, 202]
 +  where 404 = <Response [404 Not Found]>.status_code
=================== 6 failed, 1 passed, 19 warnings in 0.48s ===================
